<?xml version="1.0" encoding="UTF-8"?>
<testng-results skipped="0" failed="0" total="1" passed="1">
  <reporter-output>
  </reporter-output>
  <suite name="Suite" duration-ms="40531" started-at="2019-06-12T06:29:24Z" finished-at="2019-06-12T06:30:04Z">
    <groups>
    </groups>
    <test name="Test" duration-ms="40531" started-at="2019-06-12T06:29:24Z" finished-at="2019-06-12T06:30:04Z">
      <class name="SamplePack.hello">
        <test-method status="PASS" signature="beforeClass()[pri:0, instance:SamplePack.hello@39c0f4a]" name="beforeClass" is-config="true" duration-ms="7815" started-at="2019-06-12T11:59:24Z" finished-at="2019-06-12T11:59:32Z">
          <reporter-output>
          </reporter-output>
        </test-method> <!-- beforeClass -->
        <test-method status="PASS" signature="beforeClass1()[pri:0, instance:SamplePack.hello@39c0f4a]" name="beforeClass1" is-config="true" duration-ms="6002" started-at="2019-06-12T11:59:32Z" finished-at="2019-06-12T11:59:38Z">
          <reporter-output>
          </reporter-output>
        </test-method> <!-- beforeClass1 -->
        <test-method status="PASS" signature="openMyBlog()[pri:0, instance:SamplePack.hello@39c0f4a]" name="openMyBlog" duration-ms="26660" started-at="2019-06-12T11:59:38Z" finished-at="2019-06-12T12:00:04Z">
          <reporter-output>
          </reporter-output>
        </test-method> <!-- openMyBlog -->
        <test-method status="PASS" signature="afterClass()[pri:0, instance:SamplePack.hello@39c0f4a]" name="afterClass" is-config="true" duration-ms="1" started-at="2019-06-12T12:00:04Z" finished-at="2019-06-12T12:00:04Z">
          <reporter-output>
          </reporter-output>
        </test-method> <!-- afterClass -->
        <test-method status="PASS" signature="afterClass1()[pri:0, instance:SamplePack.hello@39c0f4a]" name="afterClass1" is-config="true" duration-ms="1" started-at="2019-06-12T12:00:04Z" finished-at="2019-06-12T12:00:04Z">
          <reporter-output>
          </reporter-output>
        </test-method> <!-- afterClass1 -->
      </class> <!-- SamplePack.hello -->
    </test> <!-- Test -->
  </suite> <!-- Suite -->
</testng-results>
